2024-08-07 11:59:36.049  INFO 11564 --- [iltuoProject] [restartedMain] kr.co.iltuo.IltuoProjectApplication      : Starting IltuoProjectApplication using Java 17.0.10 with PID 11564 (C:\Users\402-23\Documents\workspace_Iltuo\iltuoProject\bin\main started by 402-23 in C:\Users\402-23\Documents\workspace_Iltuo\iltuoProject)
2024-08-07 11:59:36.049  INFO 11564 --- [iltuoProject] [restartedMain] kr.co.iltuo.IltuoProjectApplication      : No active profile set, falling back to 1 default profile: "default"
2024-08-07 11:59:36.214 DEBUG 11564 --- [iltuoProject] [restartedMain] o.m.s.b.a.MybatisAutoConfiguration       : Searching for mappers annotated with @Mapper
2024-08-07 11:59:36.214 DEBUG 11564 --- [iltuoProject] [restartedMain] o.m.s.b.a.MybatisAutoConfiguration       : Using auto-configuration base package 'kr.co.iltuo'
2024-08-07 11:59:36.251 DEBUG 11564 --- [iltuoProject] [restartedMain] o.m.s.mapper.ClassPathMapperScanner      : Identified candidate component class: file [C:\Users\402-23\Documents\workspace_Iltuo\iltuoProject\bin\main\kr\co\iltuo\mapper\AdminMapper.class]
2024-08-07 11:59:36.251 DEBUG 11564 --- [iltuoProject] [restartedMain] o.m.s.mapper.ClassPathMapperScanner      : Identified candidate component class: file [C:\Users\402-23\Documents\workspace_Iltuo\iltuoProject\bin\main\kr\co\iltuo\mapper\OrderMapper.class]
2024-08-07 11:59:36.251 DEBUG 11564 --- [iltuoProject] [restartedMain] o.m.s.mapper.ClassPathMapperScanner      : Identified candidate component class: file [C:\Users\402-23\Documents\workspace_Iltuo\iltuoProject\bin\main\kr\co\iltuo\mapper\ShopMapper.class]
2024-08-07 11:59:36.251 DEBUG 11564 --- [iltuoProject] [restartedMain] o.m.s.mapper.ClassPathMapperScanner      : Identified candidate component class: file [C:\Users\402-23\Documents\workspace_Iltuo\iltuoProject\bin\main\kr\co\iltuo\mapper\UserMapper.class]
2024-08-07 11:59:36.252 DEBUG 11564 --- [iltuoProject] [restartedMain] o.m.s.mapper.ClassPathMapperScanner      : Creating MapperFactoryBean with name 'adminMapper' and 'kr.co.iltuo.mapper.AdminMapper' mapperInterface
2024-08-07 11:59:36.252 DEBUG 11564 --- [iltuoProject] [restartedMain] o.m.s.mapper.ClassPathMapperScanner      : Creating MapperFactoryBean with name 'orderMapper' and 'kr.co.iltuo.mapper.OrderMapper' mapperInterface
2024-08-07 11:59:36.252 DEBUG 11564 --- [iltuoProject] [restartedMain] o.m.s.mapper.ClassPathMapperScanner      : Creating MapperFactoryBean with name 'shopMapper' and 'kr.co.iltuo.mapper.ShopMapper' mapperInterface
2024-08-07 11:59:36.253 DEBUG 11564 --- [iltuoProject] [restartedMain] o.m.s.mapper.ClassPathMapperScanner      : Creating MapperFactoryBean with name 'userMapper' and 'kr.co.iltuo.mapper.UserMapper' mapperInterface
2024-08-07 11:59:36.291  INFO 11564 --- [iltuoProject] [restartedMain] o.s.b.w.embedded.tomcat.TomcatWebServer  : Tomcat initialized with port 8080 (http)
2024-08-07 11:59:36.292  INFO 11564 --- [iltuoProject] [restartedMain] o.apache.catalina.core.StandardService   : Starting service [Tomcat]
2024-08-07 11:59:36.292  INFO 11564 --- [iltuoProject] [restartedMain] o.apache.catalina.core.StandardEngine    : Starting Servlet engine: [Apache Tomcat/10.1.26]
2024-08-07 11:59:36.304  INFO 11564 --- [iltuoProject] [restartedMain] o.a.c.c.C.[Tomcat].[localhost].[/]       : Initializing Spring embedded WebApplicationContext
2024-08-07 11:59:36.304  INFO 11564 --- [iltuoProject] [restartedMain] w.s.c.ServletWebServerApplicationContext : Root WebApplicationContext: initialization completed in 253 ms
2024-08-07 11:59:36.351 DEBUG 11564 --- [iltuoProject] [restartedMain] o.mybatis.spring.SqlSessionFactoryBean   : Parsed mapper file: 'file [C:\Users\402-23\Documents\workspace_Iltuo\iltuoProject\bin\main\mappers\AdminMapper.xml]'
2024-08-07 11:59:36.358 DEBUG 11564 --- [iltuoProject] [restartedMain] o.mybatis.spring.SqlSessionFactoryBean   : Parsed mapper file: 'file [C:\Users\402-23\Documents\workspace_Iltuo\iltuoProject\bin\main\mappers\OrderMapper.xml]'
2024-08-07 11:59:36.366 DEBUG 11564 --- [iltuoProject] [restartedMain] o.mybatis.spring.SqlSessionFactoryBean   : Parsed mapper file: 'file [C:\Users\402-23\Documents\workspace_Iltuo\iltuoProject\bin\main\mappers\ShopMapper.xml]'
2024-08-07 11:59:36.371 DEBUG 11564 --- [iltuoProject] [restartedMain] o.mybatis.spring.SqlSessionFactoryBean   : Parsed mapper file: 'file [C:\Users\402-23\Documents\workspace_Iltuo\iltuoProject\bin\main\mappers\UserMapper.xml]'
2024-08-07 11:59:36.415  INFO 11564 --- [iltuoProject] [restartedMain] o.s.b.a.w.s.WelcomePageHandlerMapping    : Adding welcome page template: index
2024-08-07 11:59:36.452  INFO 11564 --- [iltuoProject] [restartedMain] o.s.s.web.DefaultSecurityFilterChain     : Will secure any request with [org.springframework.security.web.session.DisableEncodeUrlFilter@63323cf0, org.springframework.security.web.context.request.async.WebAsyncManagerIntegrationFilter@6a8af886, org.springframework.security.web.context.SecurityContextHolderFilter@59b1556d, org.springframework.security.web.header.HeaderWriterFilter@7077de59, org.springframework.web.filter.CorsFilter@1b7c50a1, org.springframework.security.web.authentication.logout.LogoutFilter@19e95d3d, org.springframework.security.web.authentication.UsernamePasswordAuthenticationFilter@30618f74, org.springframework.security.web.session.ConcurrentSessionFilter@7329656f, org.springframework.security.web.savedrequest.RequestCacheAwareFilter@17fadd14, org.springframework.security.web.servletapi.SecurityContextHolderAwareRequestFilter@729a6218, org.springframework.security.web.authentication.AnonymousAuthenticationFilter@275a7695, org.springframework.security.web.session.SessionManagementFilter@5a07e04b, org.springframework.security.web.access.ExceptionTranslationFilter@2091546b, org.springframework.security.web.access.intercept.AuthorizationFilter@791102d4]
2024-08-07 11:59:36.472 DEBUG 11564 --- [iltuoProject] [restartedMain] o.m.s.b.a.MybatisAutoConfiguration       : Not found configuration for registering mapper bean using @MapperScan, MapperFactoryBean and MapperScannerConfigurer.
2024-08-07 11:59:36.487  INFO 11564 --- [iltuoProject] [restartedMain] o.s.b.d.a.OptionalLiveReloadServer       : LiveReload server is running on port 35729
2024-08-07 11:59:36.495  INFO 11564 --- [iltuoProject] [restartedMain] o.s.b.w.embedded.tomcat.TomcatWebServer  : Tomcat started on port 8080 (http) with context path ''
2024-08-07 11:59:36.499  INFO 11564 --- [iltuoProject] [restartedMain] kr.co.iltuo.IltuoProjectApplication      : Started IltuoProjectApplication in 0.481 seconds (process running for 66.017)
2024-08-07 11:59:36.500  INFO 11564 --- [iltuoProject] [restartedMain] com.zaxxer.hikari.HikariDataSource       : HikariPool-2 - Starting...
2024-08-07 11:59:36.603  INFO 11564 --- [iltuoProject] [restartedMain] com.zaxxer.hikari.pool.HikariPool        : HikariPool-2 - Added connection com.mysql.cj.jdbc.ConnectionImpl@3491ba97
2024-08-07 11:59:36.604  INFO 11564 --- [iltuoProject] [restartedMain] com.zaxxer.hikari.HikariDataSource       : HikariPool-2 - Start completed.
2024-08-07 11:59:36.619  INFO 11564 --- [iltuoProject] [restartedMain] .ConditionEvaluationDeltaLoggingListener : Condition evaluation unchanged
2024-08-07 11:59:41.101  INFO 11564 --- [iltuoProject] [RMI TCP Connection(12)-127.0.0.1] inMXBeanRegistrar$SpringApplicationAdmin : Application shutdown requested.
2024-08-07 11:59:41.156  INFO 11564 --- [iltuoProject] [RMI TCP Connection(12)-127.0.0.1] com.zaxxer.hikari.HikariDataSource       : HikariPool-2 - Shutdown initiated...
2024-08-07 11:59:41.158  INFO 11564 --- [iltuoProject] [RMI TCP Connection(12)-127.0.0.1] com.zaxxer.hikari.HikariDataSource       : HikariPool-2 - Shutdown completed.
2024-08-07 11:59:42.575  INFO 21740 --- [iltuoProject] [restartedMain] kr.co.iltuo.IltuoProjectApplication      : Starting IltuoProjectApplication using Java 17.0.10 with PID 21740 (C:\Users\402-23\Documents\workspace_Iltuo\iltuoProject\bin\main started by 402-23 in C:\Users\402-23\Documents\workspace_Iltuo\iltuoProject)
2024-08-07 11:59:42.577  INFO 21740 --- [iltuoProject] [restartedMain] kr.co.iltuo.IltuoProjectApplication      : No active profile set, falling back to 1 default profile: "default"
2024-08-07 11:59:42.614  INFO 21740 --- [iltuoProject] [restartedMain] .e.DevToolsPropertyDefaultsPostProcessor : Devtools property defaults active! Set 'spring.devtools.add-properties' to 'false' to disable
2024-08-07 11:59:42.614  INFO 21740 --- [iltuoProject] [restartedMain] .e.DevToolsPropertyDefaultsPostProcessor : For additional web related logging consider setting the 'logging.level.web' property to 'DEBUG'
2024-08-07 11:59:43.109 DEBUG 21740 --- [iltuoProject] [restartedMain] o.m.s.b.a.MybatisAutoConfiguration       : Searching for mappers annotated with @Mapper
2024-08-07 11:59:43.110 DEBUG 21740 --- [iltuoProject] [restartedMain] o.m.s.b.a.MybatisAutoConfiguration       : Using auto-configuration base package 'kr.co.iltuo'
2024-08-07 11:59:43.235 DEBUG 21740 --- [iltuoProject] [restartedMain] o.m.s.mapper.ClassPathMapperScanner      : Identified candidate component class: file [C:\Users\402-23\Documents\workspace_Iltuo\iltuoProject\bin\main\kr\co\iltuo\mapper\AdminMapper.class]
2024-08-07 11:59:43.235 DEBUG 21740 --- [iltuoProject] [restartedMain] o.m.s.mapper.ClassPathMapperScanner      : Identified candidate component class: file [C:\Users\402-23\Documents\workspace_Iltuo\iltuoProject\bin\main\kr\co\iltuo\mapper\OrderMapper.class]
2024-08-07 11:59:43.235 DEBUG 21740 --- [iltuoProject] [restartedMain] o.m.s.mapper.ClassPathMapperScanner      : Identified candidate component class: file [C:\Users\402-23\Documents\workspace_Iltuo\iltuoProject\bin\main\kr\co\iltuo\mapper\ShopMapper.class]
2024-08-07 11:59:43.235 DEBUG 21740 --- [iltuoProject] [restartedMain] o.m.s.mapper.ClassPathMapperScanner      : Identified candidate component class: file [C:\Users\402-23\Documents\workspace_Iltuo\iltuoProject\bin\main\kr\co\iltuo\mapper\UserMapper.class]
2024-08-07 11:59:43.237 DEBUG 21740 --- [iltuoProject] [restartedMain] o.m.s.mapper.ClassPathMapperScanner      : Creating MapperFactoryBean with name 'adminMapper' and 'kr.co.iltuo.mapper.AdminMapper' mapperInterface
2024-08-07 11:59:43.238 DEBUG 21740 --- [iltuoProject] [restartedMain] o.m.s.mapper.ClassPathMapperScanner      : Creating MapperFactoryBean with name 'orderMapper' and 'kr.co.iltuo.mapper.OrderMapper' mapperInterface
2024-08-07 11:59:43.238 DEBUG 21740 --- [iltuoProject] [restartedMain] o.m.s.mapper.ClassPathMapperScanner      : Creating MapperFactoryBean with name 'shopMapper' and 'kr.co.iltuo.mapper.ShopMapper' mapperInterface
2024-08-07 11:59:43.239 DEBUG 21740 --- [iltuoProject] [restartedMain] o.m.s.mapper.ClassPathMapperScanner      : Creating MapperFactoryBean with name 'userMapper' and 'kr.co.iltuo.mapper.UserMapper' mapperInterface
2024-08-07 11:59:43.566  INFO 21740 --- [iltuoProject] [restartedMain] o.s.b.w.embedded.tomcat.TomcatWebServer  : Tomcat initialized with port 8080 (http)
2024-08-07 11:59:43.575  INFO 21740 --- [iltuoProject] [restartedMain] o.apache.catalina.core.StandardService   : Starting service [Tomcat]
2024-08-07 11:59:43.576  INFO 21740 --- [iltuoProject] [restartedMain] o.apache.catalina.core.StandardEngine    : Starting Servlet engine: [Apache Tomcat/10.1.26]
2024-08-07 11:59:43.616  INFO 21740 --- [iltuoProject] [restartedMain] o.a.c.c.C.[Tomcat].[localhost].[/]       : Initializing Spring embedded WebApplicationContext
2024-08-07 11:59:43.616  INFO 21740 --- [iltuoProject] [restartedMain] w.s.c.ServletWebServerApplicationContext : Root WebApplicationContext: initialization completed in 1001 ms
2024-08-07 11:59:43.849 DEBUG 21740 --- [iltuoProject] [restartedMain] o.mybatis.spring.SqlSessionFactoryBean   : Parsed mapper file: 'file [C:\Users\402-23\Documents\workspace_Iltuo\iltuoProject\bin\main\mappers\AdminMapper.xml]'
2024-08-07 11:59:43.862 DEBUG 21740 --- [iltuoProject] [restartedMain] o.mybatis.spring.SqlSessionFactoryBean   : Parsed mapper file: 'file [C:\Users\402-23\Documents\workspace_Iltuo\iltuoProject\bin\main\mappers\OrderMapper.xml]'
2024-08-07 11:59:43.873 DEBUG 21740 --- [iltuoProject] [restartedMain] o.mybatis.spring.SqlSessionFactoryBean   : Parsed mapper file: 'file [C:\Users\402-23\Documents\workspace_Iltuo\iltuoProject\bin\main\mappers\ShopMapper.xml]'
2024-08-07 11:59:43.882 DEBUG 21740 --- [iltuoProject] [restartedMain] o.mybatis.spring.SqlSessionFactoryBean   : Parsed mapper file: 'file [C:\Users\402-23\Documents\workspace_Iltuo\iltuoProject\bin\main\mappers\UserMapper.xml]'
2024-08-07 11:59:44.044  INFO 21740 --- [iltuoProject] [restartedMain] o.s.b.a.w.s.WelcomePageHandlerMapping    : Adding welcome page template: index
2024-08-07 11:59:44.184  INFO 21740 --- [iltuoProject] [restartedMain] o.s.s.web.DefaultSecurityFilterChain     : Will secure any request with [org.springframework.security.web.session.DisableEncodeUrlFilter@1769a517, org.springframework.security.web.context.request.async.WebAsyncManagerIntegrationFilter@19a5492b, org.springframework.security.web.context.SecurityContextHolderFilter@55f72e22, org.springframework.security.web.header.HeaderWriterFilter@48094749, org.springframework.web.filter.CorsFilter@869109b, org.springframework.security.web.authentication.logout.LogoutFilter@2f2ad317, org.springframework.security.web.authentication.UsernamePasswordAuthenticationFilter@37a5e3cc, org.springframework.security.web.session.ConcurrentSessionFilter@64c9fb57, org.springframework.security.web.savedrequest.RequestCacheAwareFilter@230d1329, org.springframework.security.web.servletapi.SecurityContextHolderAwareRequestFilter@1e006698, org.springframework.security.web.authentication.AnonymousAuthenticationFilter@539daa33, org.springframework.security.web.session.SessionManagementFilter@6a6e2680, org.springframework.security.web.access.ExceptionTranslationFilter@2f87f7b6, org.springframework.security.web.access.intercept.AuthorizationFilter@2f2017f]
2024-08-07 11:59:44.295 DEBUG 21740 --- [iltuoProject] [restartedMain] o.m.s.b.a.MybatisAutoConfiguration       : Not found configuration for registering mapper bean using @MapperScan, MapperFactoryBean and MapperScannerConfigurer.
2024-08-07 11:59:44.385  INFO 21740 --- [iltuoProject] [restartedMain] o.s.b.d.a.OptionalLiveReloadServer       : LiveReload server is running on port 35729
2024-08-07 11:59:44.412  INFO 21740 --- [iltuoProject] [restartedMain] o.s.b.w.embedded.tomcat.TomcatWebServer  : Tomcat started on port 8080 (http) with context path ''
2024-08-07 11:59:44.420  INFO 21740 --- [iltuoProject] [restartedMain] kr.co.iltuo.IltuoProjectApplication      : Started IltuoProjectApplication in 2.165 seconds (process running for 2.627)
2024-08-07 11:59:44.437  INFO 21740 --- [iltuoProject] [restartedMain] com.zaxxer.hikari.HikariDataSource       : HikariPool-1 - Starting...
2024-08-07 11:59:44.655  INFO 21740 --- [iltuoProject] [restartedMain] com.zaxxer.hikari.pool.HikariPool        : HikariPool-1 - Added connection com.mysql.cj.jdbc.ConnectionImpl@1d642303
2024-08-07 11:59:44.657  INFO 21740 --- [iltuoProject] [restartedMain] com.zaxxer.hikari.HikariDataSource       : HikariPool-1 - Start completed.
2024-08-07 11:59:52.774  INFO 21740 --- [iltuoProject] [http-nio-8080-exec-1] o.a.c.c.C.[Tomcat].[localhost].[/]       : Initializing Spring DispatcherServlet 'dispatcherServlet'
2024-08-07 11:59:52.774  INFO 21740 --- [iltuoProject] [http-nio-8080-exec-1] o.s.web.servlet.DispatcherServlet        : Initializing Servlet 'dispatcherServlet'
2024-08-07 11:59:52.775  INFO 21740 --- [iltuoProject] [http-nio-8080-exec-1] o.s.web.servlet.DispatcherServlet        : Completed initialization in 1 ms
2024-08-07 11:59:52.841  INFO 21740 --- [iltuoProject] [http-nio-8080-exec-1] kr.co.iltuo.service.ShopService          : Recommended Product List Size: 12
2024-08-07 11:59:52.841  INFO 21740 --- [iltuoProject] [http-nio-8080-exec-1] kr.co.iltuo.service.ShopService          : Grouped Recommended Product List Size: 3
2024-08-07 11:59:53.155  WARN 21740 --- [iltuoProject] [http-nio-8080-exec-7] .m.m.a.ExceptionHandlerExceptionResolver : Resolved [org.springframework.web.servlet.resource.NoResourceFoundException: No static resource css/swiper.min.css.]
2024-08-07 11:59:53.155  WARN 21740 --- [iltuoProject] [http-nio-8080-exec-4] .m.m.a.ExceptionHandlerExceptionResolver : Resolved [org.springframework.web.servlet.resource.NoResourceFoundException: No static resource css/css/font-awesome.min.css.]
2024-08-07 11:59:53.250  INFO 21740 --- [iltuoProject] [http-nio-8080-exec-6] kr.co.iltuo.service.ShopService          : Recommended Product List Size: 12
2024-08-07 11:59:53.251  INFO 21740 --- [iltuoProject] [http-nio-8080-exec-6] kr.co.iltuo.service.ShopService          : Grouped Recommended Product List Size: 3
2024-08-07 11:59:53.255  INFO 21740 --- [iltuoProject] [http-nio-8080-exec-7] kr.co.iltuo.service.ShopService          : Recommended Product List Size: 12
2024-08-07 11:59:53.255  INFO 21740 --- [iltuoProject] [http-nio-8080-exec-7] kr.co.iltuo.service.ShopService          : Grouped Recommended Product List Size: 3
2024-08-07 11:59:53.666  WARN 21740 --- [iltuoProject] [http-nio-8080-exec-8] .m.m.a.ExceptionHandlerExceptionResolver : Resolved [org.springframework.web.servlet.resource.NoResourceFoundException: No static resource images/fevicon.png.]
2024-08-07 11:59:54.479  WARN 21740 --- [iltuoProject] [http-nio-8080-exec-2] .m.m.a.ExceptionHandlerExceptionResolver : Resolved [org.springframework.web.servlet.resource.NoResourceFoundException: No static resource css/css/font-awesome.min.css.]
2024-08-07 11:59:54.484  WARN 21740 --- [iltuoProject] [http-nio-8080-exec-3] .m.m.a.ExceptionHandlerExceptionResolver : Resolved [org.springframework.web.servlet.resource.NoResourceFoundException: No static resource css/swiper.min.css.]
2024-08-07 11:59:54.519  WARN 21740 --- [iltuoProject] [http-nio-8080-exec-2] .m.m.a.ExceptionHandlerExceptionResolver : Resolved [org.springframework.web.servlet.resource.NoResourceFoundException: No static resource images/fevicon.png.]
2024-08-07 11:59:55.506  INFO 21740 --- [iltuoProject] [http-nio-8080-exec-5] kr.co.iltuo.service.ShopService          : Recommended Product List Size: 12
2024-08-07 11:59:55.506  INFO 21740 --- [iltuoProject] [http-nio-8080-exec-5] kr.co.iltuo.service.ShopService          : Grouped Recommended Product List Size: 3
2024-08-07 11:59:55.542  WARN 21740 --- [iltuoProject] [http-nio-8080-exec-10] .m.m.a.ExceptionHandlerExceptionResolver : Resolved [org.springframework.web.servlet.resource.NoResourceFoundException: No static resource css/css/font-awesome.min.css.]
2024-08-07 11:59:55.545  WARN 21740 --- [iltuoProject] [http-nio-8080-exec-1] .m.m.a.ExceptionHandlerExceptionResolver : Resolved [org.springframework.web.servlet.resource.NoResourceFoundException: No static resource css/swiper.min.css.]
2024-08-07 11:59:55.622  INFO 21740 --- [iltuoProject] [http-nio-8080-exec-10] kr.co.iltuo.service.ShopService          : Recommended Product List Size: 12
2024-08-07 11:59:55.623  INFO 21740 --- [iltuoProject] [http-nio-8080-exec-10] kr.co.iltuo.service.ShopService          : Grouped Recommended Product List Size: 3
2024-08-07 11:59:55.627  INFO 21740 --- [iltuoProject] [http-nio-8080-exec-6] kr.co.iltuo.service.ShopService          : Recommended Product List Size: 12
2024-08-07 11:59:55.627  INFO 21740 --- [iltuoProject] [http-nio-8080-exec-6] kr.co.iltuo.service.ShopService          : Grouped Recommended Product List Size: 3
2024-08-07 11:59:56.033  WARN 21740 --- [iltuoProject] [http-nio-8080-exec-7] .m.m.a.ExceptionHandlerExceptionResolver : Resolved [org.springframework.web.servlet.resource.NoResourceFoundException: No static resource images/fevicon.png.]
2024-08-07 12:53:25.745  INFO 21740 --- [iltuoProject] [File Watcher] rtingClassPathChangeChangedEventListener : Restarting due to 1 class path change (0 additions, 0 deletions, 1 modification)
2024-08-07 12:53:25.801  INFO 21740 --- [iltuoProject] [Thread-5] com.zaxxer.hikari.HikariDataSource       : HikariPool-1 - Shutdown initiated...
2024-08-07 12:53:25.803  INFO 21740 --- [iltuoProject] [Thread-5] com.zaxxer.hikari.HikariDataSource       : HikariPool-1 - Shutdown completed.
2024-08-07 12:53:25.858  INFO 21740 --- [iltuoProject] [restartedMain] kr.co.iltuo.IltuoProjectApplication      : Starting IltuoProjectApplication using Java 17.0.10 with PID 21740 (C:\Users\402-23\Documents\workspace_Iltuo\iltuoProject\bin\main started by 402-23 in C:\Users\402-23\Documents\workspace_Iltuo\iltuoProject)
2024-08-07 12:53:25.858  INFO 21740 --- [iltuoProject] [restartedMain] kr.co.iltuo.IltuoProjectApplication      : No active profile set, falling back to 1 default profile: "default"
2024-08-07 12:53:26.027 DEBUG 21740 --- [iltuoProject] [restartedMain] o.m.s.b.a.MybatisAutoConfiguration       : Searching for mappers annotated with @Mapper
2024-08-07 12:53:26.027 DEBUG 21740 --- [iltuoProject] [restartedMain] o.m.s.b.a.MybatisAutoConfiguration       : Using auto-configuration base package 'kr.co.iltuo'
2024-08-07 12:53:26.067 DEBUG 21740 --- [iltuoProject] [restartedMain] o.m.s.mapper.ClassPathMapperScanner      : Identified candidate component class: file [C:\Users\402-23\Documents\workspace_Iltuo\iltuoProject\bin\main\kr\co\iltuo\mapper\AdminMapper.class]
2024-08-07 12:53:26.068 DEBUG 21740 --- [iltuoProject] [restartedMain] o.m.s.mapper.ClassPathMapperScanner      : Identified candidate component class: file [C:\Users\402-23\Documents\workspace_Iltuo\iltuoProject\bin\main\kr\co\iltuo\mapper\OrderMapper.class]
2024-08-07 12:53:26.068 DEBUG 21740 --- [iltuoProject] [restartedMain] o.m.s.mapper.ClassPathMapperScanner      : Identified candidate component class: file [C:\Users\402-23\Documents\workspace_Iltuo\iltuoProject\bin\main\kr\co\iltuo\mapper\ShopMapper.class]
2024-08-07 12:53:26.068 DEBUG 21740 --- [iltuoProject] [restartedMain] o.m.s.mapper.ClassPathMapperScanner      : Identified candidate component class: file [C:\Users\402-23\Documents\workspace_Iltuo\iltuoProject\bin\main\kr\co\iltuo\mapper\UserMapper.class]
2024-08-07 12:53:26.069 DEBUG 21740 --- [iltuoProject] [restartedMain] o.m.s.mapper.ClassPathMapperScanner      : Creating MapperFactoryBean with name 'adminMapper' and 'kr.co.iltuo.mapper.AdminMapper' mapperInterface
2024-08-07 12:53:26.069 DEBUG 21740 --- [iltuoProject] [restartedMain] o.m.s.mapper.ClassPathMapperScanner      : Creating MapperFactoryBean with name 'orderMapper' and 'kr.co.iltuo.mapper.OrderMapper' mapperInterface
2024-08-07 12:53:26.069 DEBUG 21740 --- [iltuoProject] [restartedMain] o.m.s.mapper.ClassPathMapperScanner      : Creating MapperFactoryBean with name 'shopMapper' and 'kr.co.iltuo.mapper.ShopMapper' mapperInterface
2024-08-07 12:53:26.069 DEBUG 21740 --- [iltuoProject] [restartedMain] o.m.s.mapper.ClassPathMapperScanner      : Creating MapperFactoryBean with name 'userMapper' and 'kr.co.iltuo.mapper.UserMapper' mapperInterface
2024-08-07 12:53:26.112  INFO 21740 --- [iltuoProject] [restartedMain] o.s.b.w.embedded.tomcat.TomcatWebServer  : Tomcat initialized with port 8080 (http)
2024-08-07 12:53:26.113  INFO 21740 --- [iltuoProject] [restartedMain] o.apache.catalina.core.StandardService   : Starting service [Tomcat]
2024-08-07 12:53:26.113  INFO 21740 --- [iltuoProject] [restartedMain] o.apache.catalina.core.StandardEngine    : Starting Servlet engine: [Apache Tomcat/10.1.26]
2024-08-07 12:53:26.125  INFO 21740 --- [iltuoProject] [restartedMain] o.a.c.c.C.[Tomcat].[localhost].[/]       : Initializing Spring embedded WebApplicationContext
2024-08-07 12:53:26.125  INFO 21740 --- [iltuoProject] [restartedMain] w.s.c.ServletWebServerApplicationContext : Root WebApplicationContext: initialization completed in 265 ms
2024-08-07 12:53:26.173 DEBUG 21740 --- [iltuoProject] [restartedMain] o.mybatis.spring.SqlSessionFactoryBean   : Parsed mapper file: 'file [C:\Users\402-23\Documents\workspace_Iltuo\iltuoProject\bin\main\mappers\AdminMapper.xml]'
2024-08-07 12:53:26.181 DEBUG 21740 --- [iltuoProject] [restartedMain] o.mybatis.spring.SqlSessionFactoryBean   : Parsed mapper file: 'file [C:\Users\402-23\Documents\workspace_Iltuo\iltuoProject\bin\main\mappers\OrderMapper.xml]'
2024-08-07 12:53:26.187 DEBUG 21740 --- [iltuoProject] [restartedMain] o.mybatis.spring.SqlSessionFactoryBean   : Parsed mapper file: 'file [C:\Users\402-23\Documents\workspace_Iltuo\iltuoProject\bin\main\mappers\ShopMapper.xml]'
2024-08-07 12:53:26.192 DEBUG 21740 --- [iltuoProject] [restartedMain] o.mybatis.spring.SqlSessionFactoryBean   : Parsed mapper file: 'file [C:\Users\402-23\Documents\workspace_Iltuo\iltuoProject\bin\main\mappers\UserMapper.xml]'
2024-08-07 12:53:26.241  INFO 21740 --- [iltuoProject] [restartedMain] o.s.b.a.w.s.WelcomePageHandlerMapping    : Adding welcome page template: index
2024-08-07 12:53:26.283  INFO 21740 --- [iltuoProject] [restartedMain] o.s.s.web.DefaultSecurityFilterChain     : Will secure any request with [org.springframework.security.web.session.DisableEncodeUrlFilter@3d3e5fc0, org.springframework.security.web.context.request.async.WebAsyncManagerIntegrationFilter@2cccf386, org.springframework.security.web.context.SecurityContextHolderFilter@58031d68, org.springframework.security.web.header.HeaderWriterFilter@3b8654a5, org.springframework.web.filter.CorsFilter@1472e05e, org.springframework.security.web.authentication.logout.LogoutFilter@3a99a28a, org.springframework.security.web.authentication.UsernamePasswordAuthenticationFilter@4a4439f0, org.springframework.security.web.session.ConcurrentSessionFilter@53869604, org.springframework.security.web.savedrequest.RequestCacheAwareFilter@512949b1, org.springframework.security.web.servletapi.SecurityContextHolderAwareRequestFilter@1d609be7, org.springframework.security.web.authentication.AnonymousAuthenticationFilter@7f12d099, org.springframework.security.web.session.SessionManagementFilter@968adae, org.springframework.security.web.access.ExceptionTranslationFilter@3f369713, org.springframework.security.web.access.intercept.AuthorizationFilter@384018d1]
2024-08-07 12:53:26.306 DEBUG 21740 --- [iltuoProject] [restartedMain] o.m.s.b.a.MybatisAutoConfiguration       : Not found configuration for registering mapper bean using @MapperScan, MapperFactoryBean and MapperScannerConfigurer.
2024-08-07 12:53:26.324  INFO 21740 --- [iltuoProject] [restartedMain] o.s.b.d.a.OptionalLiveReloadServer       : LiveReload server is running on port 35729
2024-08-07 12:53:26.332  INFO 21740 --- [iltuoProject] [restartedMain] o.s.b.w.embedded.tomcat.TomcatWebServer  : Tomcat started on port 8080 (http) with context path ''
2024-08-07 12:53:26.336  INFO 21740 --- [iltuoProject] [restartedMain] kr.co.iltuo.IltuoProjectApplication      : Started IltuoProjectApplication in 0.499 seconds (process running for 3224.544)
2024-08-07 12:53:26.337  INFO 21740 --- [iltuoProject] [restartedMain] com.zaxxer.hikari.HikariDataSource       : HikariPool-2 - Starting...
2024-08-07 12:53:26.550  INFO 21740 --- [iltuoProject] [restartedMain] com.zaxxer.hikari.pool.HikariPool        : HikariPool-2 - Added connection com.mysql.cj.jdbc.ConnectionImpl@4ac3ddf6
2024-08-07 12:53:26.551  INFO 21740 --- [iltuoProject] [restartedMain] com.zaxxer.hikari.HikariDataSource       : HikariPool-2 - Start completed.
2024-08-07 12:53:26.565  INFO 21740 --- [iltuoProject] [restartedMain] .ConditionEvaluationDeltaLoggingListener : Condition evaluation unchanged
2024-08-07 12:53:50.761  INFO 21740 --- [iltuoProject] [File Watcher] rtingClassPathChangeChangedEventListener : Restarting due to 1 class path change (0 additions, 0 deletions, 1 modification)
2024-08-07 12:53:50.814  INFO 21740 --- [iltuoProject] [Thread-7] com.zaxxer.hikari.HikariDataSource       : HikariPool-2 - Shutdown initiated...
2024-08-07 12:53:50.815  INFO 21740 --- [iltuoProject] [Thread-7] com.zaxxer.hikari.HikariDataSource       : HikariPool-2 - Shutdown completed.
2024-08-07 12:53:50.864  INFO 21740 --- [iltuoProject] [restartedMain] kr.co.iltuo.IltuoProjectApplication      : Starting IltuoProjectApplication using Java 17.0.10 with PID 21740 (C:\Users\402-23\Documents\workspace_Iltuo\iltuoProject\bin\main started by 402-23 in C:\Users\402-23\Documents\workspace_Iltuo\iltuoProject)
2024-08-07 12:53:50.864  INFO 21740 --- [iltuoProject] [restartedMain] kr.co.iltuo.IltuoProjectApplication      : No active profile set, falling back to 1 default profile: "default"
2024-08-07 12:53:51.013 DEBUG 21740 --- [iltuoProject] [restartedMain] o.m.s.b.a.MybatisAutoConfiguration       : Searching for mappers annotated with @Mapper
2024-08-07 12:53:51.013 DEBUG 21740 --- [iltuoProject] [restartedMain] o.m.s.b.a.MybatisAutoConfiguration       : Using auto-configuration base package 'kr.co.iltuo'
2024-08-07 12:53:51.047 DEBUG 21740 --- [iltuoProject] [restartedMain] o.m.s.mapper.ClassPathMapperScanner      : Identified candidate component class: file [C:\Users\402-23\Documents\workspace_Iltuo\iltuoProject\bin\main\kr\co\iltuo\mapper\AdminMapper.class]
2024-08-07 12:53:51.047 DEBUG 21740 --- [iltuoProject] [restartedMain] o.m.s.mapper.ClassPathMapperScanner      : Identified candidate component class: file [C:\Users\402-23\Documents\workspace_Iltuo\iltuoProject\bin\main\kr\co\iltuo\mapper\OrderMapper.class]
2024-08-07 12:53:51.047 DEBUG 21740 --- [iltuoProject] [restartedMain] o.m.s.mapper.ClassPathMapperScanner      : Identified candidate component class: file [C:\Users\402-23\Documents\workspace_Iltuo\iltuoProject\bin\main\kr\co\iltuo\mapper\ShopMapper.class]
2024-08-07 12:53:51.047 DEBUG 21740 --- [iltuoProject] [restartedMain] o.m.s.mapper.ClassPathMapperScanner      : Identified candidate component class: file [C:\Users\402-23\Documents\workspace_Iltuo\iltuoProject\bin\main\kr\co\iltuo\mapper\UserMapper.class]
2024-08-07 12:53:51.048 DEBUG 21740 --- [iltuoProject] [restartedMain] o.m.s.mapper.ClassPathMapperScanner      : Creating MapperFactoryBean with name 'adminMapper' and 'kr.co.iltuo.mapper.AdminMapper' mapperInterface
2024-08-07 12:53:51.049 DEBUG 21740 --- [iltuoProject] [restartedMain] o.m.s.mapper.ClassPathMapperScanner      : Creating MapperFactoryBean with name 'orderMapper' and 'kr.co.iltuo.mapper.OrderMapper' mapperInterface
2024-08-07 12:53:51.049 DEBUG 21740 --- [iltuoProject] [restartedMain] o.m.s.mapper.ClassPathMapperScanner      : Creating MapperFactoryBean with name 'shopMapper' and 'kr.co.iltuo.mapper.ShopMapper' mapperInterface
2024-08-07 12:53:51.049 DEBUG 21740 --- [iltuoProject] [restartedMain] o.m.s.mapper.ClassPathMapperScanner      : Creating MapperFactoryBean with name 'userMapper' and 'kr.co.iltuo.mapper.UserMapper' mapperInterface
2024-08-07 12:53:51.085  INFO 21740 --- [iltuoProject] [restartedMain] o.s.b.w.embedded.tomcat.TomcatWebServer  : Tomcat initialized with port 8080 (http)
2024-08-07 12:53:51.086  INFO 21740 --- [iltuoProject] [restartedMain] o.apache.catalina.core.StandardService   : Starting service [Tomcat]
2024-08-07 12:53:51.086  INFO 21740 --- [iltuoProject] [restartedMain] o.apache.catalina.core.StandardEngine    : Starting Servlet engine: [Apache Tomcat/10.1.26]
2024-08-07 12:53:51.099  INFO 21740 --- [iltuoProject] [restartedMain] o.a.c.c.C.[Tomcat].[localhost].[/]       : Initializing Spring embedded WebApplicationContext
2024-08-07 12:53:51.099  INFO 21740 --- [iltuoProject] [restartedMain] w.s.c.ServletWebServerApplicationContext : Root WebApplicationContext: initialization completed in 233 ms
2024-08-07 12:53:51.143 DEBUG 21740 --- [iltuoProject] [restartedMain] o.mybatis.spring.SqlSessionFactoryBean   : Parsed mapper file: 'file [C:\Users\402-23\Documents\workspace_Iltuo\iltuoProject\bin\main\mappers\AdminMapper.xml]'
2024-08-07 12:53:51.150 DEBUG 21740 --- [iltuoProject] [restartedMain] o.mybatis.spring.SqlSessionFactoryBean   : Parsed mapper file: 'file [C:\Users\402-23\Documents\workspace_Iltuo\iltuoProject\bin\main\mappers\OrderMapper.xml]'
2024-08-07 12:53:51.155 DEBUG 21740 --- [iltuoProject] [restartedMain] o.mybatis.spring.SqlSessionFactoryBean   : Parsed mapper file: 'file [C:\Users\402-23\Documents\workspace_Iltuo\iltuoProject\bin\main\mappers\ShopMapper.xml]'
2024-08-07 12:53:51.160 DEBUG 21740 --- [iltuoProject] [restartedMain] o.mybatis.spring.SqlSessionFactoryBean   : Parsed mapper file: 'file [C:\Users\402-23\Documents\workspace_Iltuo\iltuoProject\bin\main\mappers\UserMapper.xml]'
2024-08-07 12:53:51.201  INFO 21740 --- [iltuoProject] [restartedMain] o.s.b.a.w.s.WelcomePageHandlerMapping    : Adding welcome page template: index
2024-08-07 12:53:51.236  INFO 21740 --- [iltuoProject] [restartedMain] o.s.s.web.DefaultSecurityFilterChain     : Will secure any request with [org.springframework.security.web.session.DisableEncodeUrlFilter@d97893d, org.springframework.security.web.context.request.async.WebAsyncManagerIntegrationFilter@6bfabc4f, org.springframework.security.web.context.SecurityContextHolderFilter@73ab0a6, org.springframework.security.web.header.HeaderWriterFilter@4f538c07, org.springframework.web.filter.CorsFilter@13f02ad, org.springframework.security.web.authentication.logout.LogoutFilter@61d09900, org.springframework.security.web.authentication.UsernamePasswordAuthenticationFilter@686a15a9, org.springframework.security.web.session.ConcurrentSessionFilter@50296a1e, org.springframework.security.web.savedrequest.RequestCacheAwareFilter@545a27f2, org.springframework.security.web.servletapi.SecurityContextHolderAwareRequestFilter@28df56de, org.springframework.security.web.authentication.AnonymousAuthenticationFilter@3940887e, org.springframework.security.web.session.SessionManagementFilter@3d283a35, org.springframework.security.web.access.ExceptionTranslationFilter@7d254c39, org.springframework.security.web.access.intercept.AuthorizationFilter@368b8491]
2024-08-07 12:53:51.254 DEBUG 21740 --- [iltuoProject] [restartedMain] o.m.s.b.a.MybatisAutoConfiguration       : Not found configuration for registering mapper bean using @MapperScan, MapperFactoryBean and MapperScannerConfigurer.
2024-08-07 12:53:51.268  INFO 21740 --- [iltuoProject] [restartedMain] o.s.b.d.a.OptionalLiveReloadServer       : LiveReload server is running on port 35729
2024-08-07 12:53:51.275  INFO 21740 --- [iltuoProject] [restartedMain] o.s.b.w.embedded.tomcat.TomcatWebServer  : Tomcat started on port 8080 (http) with context path ''
2024-08-07 12:53:51.280  INFO 21740 --- [iltuoProject] [restartedMain] kr.co.iltuo.IltuoProjectApplication      : Started IltuoProjectApplication in 0.435 seconds (process running for 3249.487)
2024-08-07 12:53:51.281  INFO 21740 --- [iltuoProject] [restartedMain] com.zaxxer.hikari.HikariDataSource       : HikariPool-3 - Starting...
2024-08-07 12:53:51.375  INFO 21740 --- [iltuoProject] [restartedMain] com.zaxxer.hikari.pool.HikariPool        : HikariPool-3 - Added connection com.mysql.cj.jdbc.ConnectionImpl@779dd88a
2024-08-07 12:53:51.375  INFO 21740 --- [iltuoProject] [restartedMain] com.zaxxer.hikari.HikariDataSource       : HikariPool-3 - Start completed.
2024-08-07 12:53:51.389  INFO 21740 --- [iltuoProject] [restartedMain] .ConditionEvaluationDeltaLoggingListener : Condition evaluation unchanged
2024-08-07 12:54:23.893  INFO 21740 --- [iltuoProject] [File Watcher] rtingClassPathChangeChangedEventListener : Restarting due to 1 class path change (0 additions, 0 deletions, 1 modification)
2024-08-07 12:54:23.945  INFO 21740 --- [iltuoProject] [Thread-11] com.zaxxer.hikari.HikariDataSource       : HikariPool-3 - Shutdown initiated...
2024-08-07 12:54:23.946  INFO 21740 --- [iltuoProject] [Thread-11] com.zaxxer.hikari.HikariDataSource       : HikariPool-3 - Shutdown completed.
2024-08-07 12:54:23.995  INFO 21740 --- [iltuoProject] [restartedMain] kr.co.iltuo.IltuoProjectApplication      : Starting IltuoProjectApplication using Java 17.0.10 with PID 21740 (C:\Users\402-23\Documents\workspace_Iltuo\iltuoProject\bin\main started by 402-23 in C:\Users\402-23\Documents\workspace_Iltuo\iltuoProject)
2024-08-07 12:54:23.995  INFO 21740 --- [iltuoProject] [restartedMain] kr.co.iltuo.IltuoProjectApplication      : No active profile set, falling back to 1 default profile: "default"
2024-08-07 12:54:24.144 DEBUG 21740 --- [iltuoProject] [restartedMain] o.m.s.b.a.MybatisAutoConfiguration       : Searching for mappers annotated with @Mapper
2024-08-07 12:54:24.144 DEBUG 21740 --- [iltuoProject] [restartedMain] o.m.s.b.a.MybatisAutoConfiguration       : Using auto-configuration base package 'kr.co.iltuo'
2024-08-07 12:54:24.175 DEBUG 21740 --- [iltuoProject] [restartedMain] o.m.s.mapper.ClassPathMapperScanner      : Identified candidate component class: file [C:\Users\402-23\Documents\workspace_Iltuo\iltuoProject\bin\main\kr\co\iltuo\mapper\AdminMapper.class]
2024-08-07 12:54:24.175 DEBUG 21740 --- [iltuoProject] [restartedMain] o.m.s.mapper.ClassPathMapperScanner      : Identified candidate component class: file [C:\Users\402-23\Documents\workspace_Iltuo\iltuoProject\bin\main\kr\co\iltuo\mapper\OrderMapper.class]
2024-08-07 12:54:24.175 DEBUG 21740 --- [iltuoProject] [restartedMain] o.m.s.mapper.ClassPathMapperScanner      : Identified candidate component class: file [C:\Users\402-23\Documents\workspace_Iltuo\iltuoProject\bin\main\kr\co\iltuo\mapper\ShopMapper.class]
2024-08-07 12:54:24.175 DEBUG 21740 --- [iltuoProject] [restartedMain] o.m.s.mapper.ClassPathMapperScanner      : Identified candidate component class: file [C:\Users\402-23\Documents\workspace_Iltuo\iltuoProject\bin\main\kr\co\iltuo\mapper\UserMapper.class]
2024-08-07 12:54:24.176 DEBUG 21740 --- [iltuoProject] [restartedMain] o.m.s.mapper.ClassPathMapperScanner      : Creating MapperFactoryBean with name 'adminMapper' and 'kr.co.iltuo.mapper.AdminMapper' mapperInterface
2024-08-07 12:54:24.176 DEBUG 21740 --- [iltuoProject] [restartedMain] o.m.s.mapper.ClassPathMapperScanner      : Creating MapperFactoryBean with name 'orderMapper' and 'kr.co.iltuo.mapper.OrderMapper' mapperInterface
2024-08-07 12:54:24.177 DEBUG 21740 --- [iltuoProject] [restartedMain] o.m.s.mapper.ClassPathMapperScanner      : Creating MapperFactoryBean with name 'shopMapper' and 'kr.co.iltuo.mapper.ShopMapper' mapperInterface
2024-08-07 12:54:24.177 DEBUG 21740 --- [iltuoProject] [restartedMain] o.m.s.mapper.ClassPathMapperScanner      : Creating MapperFactoryBean with name 'userMapper' and 'kr.co.iltuo.mapper.UserMapper' mapperInterface
2024-08-07 12:54:24.209  INFO 21740 --- [iltuoProject] [restartedMain] o.s.b.w.embedded.tomcat.TomcatWebServer  : Tomcat initialized with port 8080 (http)
2024-08-07 12:54:24.209  INFO 21740 --- [iltuoProject] [restartedMain] o.apache.catalina.core.StandardService   : Starting service [Tomcat]
2024-08-07 12:54:24.210  INFO 21740 --- [iltuoProject] [restartedMain] o.apache.catalina.core.StandardEngine    : Starting Servlet engine: [Apache Tomcat/10.1.26]
2024-08-07 12:54:24.222  INFO 21740 --- [iltuoProject] [restartedMain] o.a.c.c.C.[Tomcat].[localhost].[/]       : Initializing Spring embedded WebApplicationContext
2024-08-07 12:54:24.222  INFO 21740 --- [iltuoProject] [restartedMain] w.s.c.ServletWebServerApplicationContext : Root WebApplicationContext: initialization completed in 225 ms
2024-08-07 12:54:24.263 DEBUG 21740 --- [iltuoProject] [restartedMain] o.mybatis.spring.SqlSessionFactoryBean   : Parsed mapper file: 'file [C:\Users\402-23\Documents\workspace_Iltuo\iltuoProject\bin\main\mappers\AdminMapper.xml]'
2024-08-07 12:54:24.268 DEBUG 21740 --- [iltuoProject] [restartedMain] o.mybatis.spring.SqlSessionFactoryBean   : Parsed mapper file: 'file [C:\Users\402-23\Documents\workspace_Iltuo\iltuoProject\bin\main\mappers\OrderMapper.xml]'
2024-08-07 12:54:24.273 DEBUG 21740 --- [iltuoProject] [restartedMain] o.mybatis.spring.SqlSessionFactoryBean   : Parsed mapper file: 'file [C:\Users\402-23\Documents\workspace_Iltuo\iltuoProject\bin\main\mappers\ShopMapper.xml]'
2024-08-07 12:54:24.277 DEBUG 21740 --- [iltuoProject] [restartedMain] o.mybatis.spring.SqlSessionFactoryBean   : Parsed mapper file: 'file [C:\Users\402-23\Documents\workspace_Iltuo\iltuoProject\bin\main\mappers\UserMapper.xml]'
2024-08-07 12:54:24.317  INFO 21740 --- [iltuoProject] [restartedMain] o.s.b.a.w.s.WelcomePageHandlerMapping    : Adding welcome page template: index
2024-08-07 12:54:24.350  INFO 21740 --- [iltuoProject] [restartedMain] o.s.s.web.DefaultSecurityFilterChain     : Will secure any request with [org.springframework.security.web.session.DisableEncodeUrlFilter@1b5b22c2, org.springframework.security.web.context.request.async.WebAsyncManagerIntegrationFilter@4d731abd, org.springframework.security.web.context.SecurityContextHolderFilter@18c61060, org.springframework.security.web.header.HeaderWriterFilter@74a1510d, org.springframework.web.filter.CorsFilter@7c1365a2, org.springframework.security.web.authentication.logout.LogoutFilter@1af1a620, org.springframework.security.web.authentication.UsernamePasswordAuthenticationFilter@c0c45c5, org.springframework.security.web.session.ConcurrentSessionFilter@6750a3e, org.springframework.security.web.savedrequest.RequestCacheAwareFilter@6611134c, org.springframework.security.web.servletapi.SecurityContextHolderAwareRequestFilter@1c963845, org.springframework.security.web.authentication.AnonymousAuthenticationFilter@125f3588, org.springframework.security.web.session.SessionManagementFilter@106d5211, org.springframework.security.web.access.ExceptionTranslationFilter@1e500fa7, org.springframework.security.web.access.intercept.AuthorizationFilter@596d0786]
2024-08-07 12:54:24.367 DEBUG 21740 --- [iltuoProject] [restartedMain] o.m.s.b.a.MybatisAutoConfiguration       : Not found configuration for registering mapper bean using @MapperScan, MapperFactoryBean and MapperScannerConfigurer.
2024-08-07 12:54:24.380  INFO 21740 --- [iltuoProject] [restartedMain] o.s.b.d.a.OptionalLiveReloadServer       : LiveReload server is running on port 35729
2024-08-07 12:54:24.387  INFO 21740 --- [iltuoProject] [restartedMain] o.s.b.w.embedded.tomcat.TomcatWebServer  : Tomcat started on port 8080 (http) with context path ''
2024-08-07 12:54:24.392  INFO 21740 --- [iltuoProject] [restartedMain] kr.co.iltuo.IltuoProjectApplication      : Started IltuoProjectApplication in 0.417 seconds (process running for 3282.599)
2024-08-07 12:54:24.393  INFO 21740 --- [iltuoProject] [restartedMain] com.zaxxer.hikari.HikariDataSource       : HikariPool-4 - Starting...
2024-08-07 12:54:24.515  INFO 21740 --- [iltuoProject] [restartedMain] com.zaxxer.hikari.pool.HikariPool        : HikariPool-4 - Added connection com.mysql.cj.jdbc.ConnectionImpl@25c541d4
2024-08-07 12:54:24.516  INFO 21740 --- [iltuoProject] [restartedMain] com.zaxxer.hikari.HikariDataSource       : HikariPool-4 - Start completed.
2024-08-07 12:54:24.525  INFO 21740 --- [iltuoProject] [restartedMain] .ConditionEvaluationDeltaLoggingListener : Condition evaluation unchanged
2024-08-07 12:55:10.336  INFO 21740 --- [iltuoProject] [File Watcher] rtingClassPathChangeChangedEventListener : Restarting due to 1 class path change (0 additions, 0 deletions, 1 modification)
2024-08-07 12:55:10.390  INFO 21740 --- [iltuoProject] [Thread-15] com.zaxxer.hikari.HikariDataSource       : HikariPool-4 - Shutdown initiated...
2024-08-07 12:55:10.391  INFO 21740 --- [iltuoProject] [Thread-15] com.zaxxer.hikari.HikariDataSource       : HikariPool-4 - Shutdown completed.
2024-08-07 12:55:10.442  INFO 21740 --- [iltuoProject] [restartedMain] kr.co.iltuo.IltuoProjectApplication      : Starting IltuoProjectApplication using Java 17.0.10 with PID 21740 (C:\Users\402-23\Documents\workspace_Iltuo\iltuoProject\bin\main started by 402-23 in C:\Users\402-23\Documents\workspace_Iltuo\iltuoProject)
2024-08-07 12:55:10.442  INFO 21740 --- [iltuoProject] [restartedMain] kr.co.iltuo.IltuoProjectApplication      : No active profile set, falling back to 1 default profile: "default"
2024-08-07 12:55:10.589 DEBUG 21740 --- [iltuoProject] [restartedMain] o.m.s.b.a.MybatisAutoConfiguration       : Searching for mappers annotated with @Mapper
2024-08-07 12:55:10.589 DEBUG 21740 --- [iltuoProject] [restartedMain] o.m.s.b.a.MybatisAutoConfiguration       : Using auto-configuration base package 'kr.co.iltuo'
2024-08-07 12:55:10.622 DEBUG 21740 --- [iltuoProject] [restartedMain] o.m.s.mapper.ClassPathMapperScanner      : Identified candidate component class: file [C:\Users\402-23\Documents\workspace_Iltuo\iltuoProject\bin\main\kr\co\iltuo\mapper\AdminMapper.class]
2024-08-07 12:55:10.622 DEBUG 21740 --- [iltuoProject] [restartedMain] o.m.s.mapper.ClassPathMapperScanner      : Identified candidate component class: file [C:\Users\402-23\Documents\workspace_Iltuo\iltuoProject\bin\main\kr\co\iltuo\mapper\OrderMapper.class]
2024-08-07 12:55:10.622 DEBUG 21740 --- [iltuoProject] [restartedMain] o.m.s.mapper.ClassPathMapperScanner      : Identified candidate component class: file [C:\Users\402-23\Documents\workspace_Iltuo\iltuoProject\bin\main\kr\co\iltuo\mapper\ShopMapper.class]
2024-08-07 12:55:10.622 DEBUG 21740 --- [iltuoProject] [restartedMain] o.m.s.mapper.ClassPathMapperScanner      : Identified candidate component class: file [C:\Users\402-23\Documents\workspace_Iltuo\iltuoProject\bin\main\kr\co\iltuo\mapper\UserMapper.class]
2024-08-07 12:55:10.623 DEBUG 21740 --- [iltuoProject] [restartedMain] o.m.s.mapper.ClassPathMapperScanner      : Creating MapperFactoryBean with name 'adminMapper' and 'kr.co.iltuo.mapper.AdminMapper' mapperInterface
2024-08-07 12:55:10.623 DEBUG 21740 --- [iltuoProject] [restartedMain] o.m.s.mapper.ClassPathMapperScanner      : Creating MapperFactoryBean with name 'orderMapper' and 'kr.co.iltuo.mapper.OrderMapper' mapperInterface
2024-08-07 12:55:10.623 DEBUG 21740 --- [iltuoProject] [restartedMain] o.m.s.mapper.ClassPathMapperScanner      : Creating MapperFactoryBean with name 'shopMapper' and 'kr.co.iltuo.mapper.ShopMapper' mapperInterface
2024-08-07 12:55:10.623 DEBUG 21740 --- [iltuoProject] [restartedMain] o.m.s.mapper.ClassPathMapperScanner      : Creating MapperFactoryBean with name 'userMapper' and 'kr.co.iltuo.mapper.UserMapper' mapperInterface
2024-08-07 12:55:10.655  INFO 21740 --- [iltuoProject] [restartedMain] o.s.b.w.embedded.tomcat.TomcatWebServer  : Tomcat initialized with port 8080 (http)
2024-08-07 12:55:10.655  INFO 21740 --- [iltuoProject] [restartedMain] o.apache.catalina.core.StandardService   : Starting service [Tomcat]
2024-08-07 12:55:10.655  INFO 21740 --- [iltuoProject] [restartedMain] o.apache.catalina.core.StandardEngine    : Starting Servlet engine: [Apache Tomcat/10.1.26]
2024-08-07 12:55:10.667  INFO 21740 --- [iltuoProject] [restartedMain] o.a.c.c.C.[Tomcat].[localhost].[/]       : Initializing Spring embedded WebApplicationContext
2024-08-07 12:55:10.667  INFO 21740 --- [iltuoProject] [restartedMain] w.s.c.ServletWebServerApplicationContext : Root WebApplicationContext: initialization completed in 223 ms
2024-08-07 12:55:10.706 DEBUG 21740 --- [iltuoProject] [restartedMain] o.mybatis.spring.SqlSessionFactoryBean   : Parsed mapper file: 'file [C:\Users\402-23\Documents\workspace_Iltuo\iltuoProject\bin\main\mappers\AdminMapper.xml]'
2024-08-07 12:55:10.711 DEBUG 21740 --- [iltuoProject] [restartedMain] o.mybatis.spring.SqlSessionFactoryBean   : Parsed mapper file: 'file [C:\Users\402-23\Documents\workspace_Iltuo\iltuoProject\bin\main\mappers\OrderMapper.xml]'
2024-08-07 12:55:10.715 DEBUG 21740 --- [iltuoProject] [restartedMain] o.mybatis.spring.SqlSessionFactoryBean   : Parsed mapper file: 'file [C:\Users\402-23\Documents\workspace_Iltuo\iltuoProject\bin\main\mappers\ShopMapper.xml]'
2024-08-07 12:55:10.719 DEBUG 21740 --- [iltuoProject] [restartedMain] o.mybatis.spring.SqlSessionFactoryBean   : Parsed mapper file: 'file [C:\Users\402-23\Documents\workspace_Iltuo\iltuoProject\bin\main\mappers\UserMapper.xml]'
2024-08-07 12:55:10.758  INFO 21740 --- [iltuoProject] [restartedMain] o.s.b.a.w.s.WelcomePageHandlerMapping    : Adding welcome page template: index
2024-08-07 12:55:10.791  INFO 21740 --- [iltuoProject] [restartedMain] o.s.s.web.DefaultSecurityFilterChain     : Will secure any request with [org.springframework.security.web.session.DisableEncodeUrlFilter@497f570f, org.springframework.security.web.context.request.async.WebAsyncManagerIntegrationFilter@2034f792, org.springframework.security.web.context.SecurityContextHolderFilter@6cb1acd0, org.springframework.security.web.header.HeaderWriterFilter@4e2d4cf9, org.springframework.web.filter.CorsFilter@35a25c65, org.springframework.security.web.authentication.logout.LogoutFilter@2ed2a0, org.springframework.security.web.authentication.UsernamePasswordAuthenticationFilter@3f32299b, org.springframework.security.web.session.ConcurrentSessionFilter@11f49ad0, org.springframework.security.web.savedrequest.RequestCacheAwareFilter@48df7f3b, org.springframework.security.web.servletapi.SecurityContextHolderAwareRequestFilter@540f0724, org.springframework.security.web.authentication.AnonymousAuthenticationFilter@1bf2c5bb, org.springframework.security.web.session.SessionManagementFilter@37656529, org.springframework.security.web.access.ExceptionTranslationFilter@155d1cb2, org.springframework.security.web.access.intercept.AuthorizationFilter@1f21445d]
2024-08-07 12:55:10.809 DEBUG 21740 --- [iltuoProject] [restartedMain] o.m.s.b.a.MybatisAutoConfiguration       : Not found configuration for registering mapper bean using @MapperScan, MapperFactoryBean and MapperScannerConfigurer.
2024-08-07 12:55:10.822  INFO 21740 --- [iltuoProject] [restartedMain] o.s.b.d.a.OptionalLiveReloadServer       : LiveReload server is running on port 35729
2024-08-07 12:55:10.829  INFO 21740 --- [iltuoProject] [restartedMain] o.s.b.w.embedded.tomcat.TomcatWebServer  : Tomcat started on port 8080 (http) with context path ''
2024-08-07 12:55:10.833  INFO 21740 --- [iltuoProject] [restartedMain] kr.co.iltuo.IltuoProjectApplication      : Started IltuoProjectApplication in 0.409 seconds (process running for 3329.04)
2024-08-07 12:55:10.834  INFO 21740 --- [iltuoProject] [restartedMain] com.zaxxer.hikari.HikariDataSource       : HikariPool-5 - Starting...
2024-08-07 12:55:10.918  INFO 21740 --- [iltuoProject] [restartedMain] com.zaxxer.hikari.pool.HikariPool        : HikariPool-5 - Added connection com.mysql.cj.jdbc.ConnectionImpl@3c0269ff
2024-08-07 12:55:10.918  INFO 21740 --- [iltuoProject] [restartedMain] com.zaxxer.hikari.HikariDataSource       : HikariPool-5 - Start completed.
2024-08-07 12:55:10.928  INFO 21740 --- [iltuoProject] [restartedMain] .ConditionEvaluationDeltaLoggingListener : Condition evaluation unchanged
2024-08-07 12:55:42.293  INFO 21740 --- [iltuoProject] [File Watcher] rtingClassPathChangeChangedEventListener : Restarting due to 1 class path change (0 additions, 0 deletions, 1 modification)
2024-08-07 12:55:42.363  INFO 21740 --- [iltuoProject] [Thread-19] com.zaxxer.hikari.HikariDataSource       : HikariPool-5 - Shutdown initiated...
2024-08-07 12:55:42.365  INFO 21740 --- [iltuoProject] [Thread-19] com.zaxxer.hikari.HikariDataSource       : HikariPool-5 - Shutdown completed.
2024-08-07 12:55:42.413  INFO 21740 --- [iltuoProject] [restartedMain] kr.co.iltuo.IltuoProjectApplication      : Starting IltuoProjectApplication using Java 17.0.10 with PID 21740 (C:\Users\402-23\Documents\workspace_Iltuo\iltuoProject\bin\main started by 402-23 in C:\Users\402-23\Documents\workspace_Iltuo\iltuoProject)
2024-08-07 12:55:42.413  INFO 21740 --- [iltuoProject] [restartedMain] kr.co.iltuo.IltuoProjectApplication      : No active profile set, falling back to 1 default profile: "default"
2024-08-07 12:55:42.559 DEBUG 21740 --- [iltuoProject] [restartedMain] o.m.s.b.a.MybatisAutoConfiguration       : Searching for mappers annotated with @Mapper
2024-08-07 12:55:42.559 DEBUG 21740 --- [iltuoProject] [restartedMain] o.m.s.b.a.MybatisAutoConfiguration       : Using auto-configuration base package 'kr.co.iltuo'
2024-08-07 12:55:42.590 DEBUG 21740 --- [iltuoProject] [restartedMain] o.m.s.mapper.ClassPathMapperScanner      : Identified candidate component class: file [C:\Users\402-23\Documents\workspace_Iltuo\iltuoProject\bin\main\kr\co\iltuo\mapper\AdminMapper.class]
2024-08-07 12:55:42.590 DEBUG 21740 --- [iltuoProject] [restartedMain] o.m.s.mapper.ClassPathMapperScanner      : Identified candidate component class: file [C:\Users\402-23\Documents\workspace_Iltuo\iltuoProject\bin\main\kr\co\iltuo\mapper\OrderMapper.class]
2024-08-07 12:55:42.590 DEBUG 21740 --- [iltuoProject] [restartedMain] o.m.s.mapper.ClassPathMapperScanner      : Identified candidate component class: file [C:\Users\402-23\Documents\workspace_Iltuo\iltuoProject\bin\main\kr\co\iltuo\mapper\ShopMapper.class]
2024-08-07 12:55:42.590 DEBUG 21740 --- [iltuoProject] [restartedMain] o.m.s.mapper.ClassPathMapperScanner      : Identified candidate component class: file [C:\Users\402-23\Documents\workspace_Iltuo\iltuoProject\bin\main\kr\co\iltuo\mapper\UserMapper.class]
2024-08-07 12:55:42.591 DEBUG 21740 --- [iltuoProject] [restartedMain] o.m.s.mapper.ClassPathMapperScanner      : Creating MapperFactoryBean with name 'adminMapper' and 'kr.co.iltuo.mapper.AdminMapper' mapperInterface
2024-08-07 12:55:42.591 DEBUG 21740 --- [iltuoProject] [restartedMain] o.m.s.mapper.ClassPathMapperScanner      : Creating MapperFactoryBean with name 'orderMapper' and 'kr.co.iltuo.mapper.OrderMapper' mapperInterface
2024-08-07 12:55:42.591 DEBUG 21740 --- [iltuoProject] [restartedMain] o.m.s.mapper.ClassPathMapperScanner      : Creating MapperFactoryBean with name 'shopMapper' and 'kr.co.iltuo.mapper.ShopMapper' mapperInterface
2024-08-07 12:55:42.591 DEBUG 21740 --- [iltuoProject] [restartedMain] o.m.s.mapper.ClassPathMapperScanner      : Creating MapperFactoryBean with name 'userMapper' and 'kr.co.iltuo.mapper.UserMapper' mapperInterface
2024-08-07 12:55:42.623  INFO 21740 --- [iltuoProject] [restartedMain] o.s.b.w.embedded.tomcat.TomcatWebServer  : Tomcat initialized with port 8080 (http)
2024-08-07 12:55:42.623  INFO 21740 --- [iltuoProject] [restartedMain] o.apache.catalina.core.StandardService   : Starting service [Tomcat]
2024-08-07 12:55:42.623  INFO 21740 --- [iltuoProject] [restartedMain] o.apache.catalina.core.StandardEngine    : Starting Servlet engine: [Apache Tomcat/10.1.26]
2024-08-07 12:55:42.634  INFO 21740 --- [iltuoProject] [restartedMain] o.a.c.c.C.[Tomcat].[localhost].[/]       : Initializing Spring embedded WebApplicationContext
2024-08-07 12:55:42.634  INFO 21740 --- [iltuoProject] [restartedMain] w.s.c.ServletWebServerApplicationContext : Root WebApplicationContext: initialization completed in 219 ms
2024-08-07 12:55:42.672 DEBUG 21740 --- [iltuoProject] [restartedMain] o.mybatis.spring.SqlSessionFactoryBean   : Parsed mapper file: 'file [C:\Users\402-23\Documents\workspace_Iltuo\iltuoProject\bin\main\mappers\AdminMapper.xml]'
2024-08-07 12:55:42.676 DEBUG 21740 --- [iltuoProject] [restartedMain] o.mybatis.spring.SqlSessionFactoryBean   : Parsed mapper file: 'file [C:\Users\402-23\Documents\workspace_Iltuo\iltuoProject\bin\main\mappers\OrderMapper.xml]'
2024-08-07 12:55:42.679 DEBUG 21740 --- [iltuoProject] [restartedMain] o.mybatis.spring.SqlSessionFactoryBean   : Parsed mapper file: 'file [C:\Users\402-23\Documents\workspace_Iltuo\iltuoProject\bin\main\mappers\ShopMapper.xml]'
2024-08-07 12:55:42.683 DEBUG 21740 --- [iltuoProject] [restartedMain] o.mybatis.spring.SqlSessionFactoryBean   : Parsed mapper file: 'file [C:\Users\402-23\Documents\workspace_Iltuo\iltuoProject\bin\main\mappers\UserMapper.xml]'
2024-08-07 12:55:42.721  INFO 21740 --- [iltuoProject] [restartedMain] o.s.b.a.w.s.WelcomePageHandlerMapping    : Adding welcome page template: index
2024-08-07 12:55:42.755  INFO 21740 --- [iltuoProject] [restartedMain] o.s.s.web.DefaultSecurityFilterChain     : Will secure any request with [org.springframework.security.web.session.DisableEncodeUrlFilter@29bd657d, org.springframework.security.web.context.request.async.WebAsyncManagerIntegrationFilter@245a9a74, org.springframework.security.web.context.SecurityContextHolderFilter@774fa5e1, org.springframework.security.web.header.HeaderWriterFilter@1301b98d, org.springframework.web.filter.CorsFilter@5dcbd9e6, org.springframework.security.web.authentication.logout.LogoutFilter@7a45cea5, org.springframework.security.web.authentication.UsernamePasswordAuthenticationFilter@7d59bc95, org.springframework.security.web.session.ConcurrentSessionFilter@9e093a5, org.springframework.security.web.savedrequest.RequestCacheAwareFilter@699ca754, org.springframework.security.web.servletapi.SecurityContextHolderAwareRequestFilter@7ddfc459, org.springframework.security.web.authentication.AnonymousAuthenticationFilter@6dc66bde, org.springframework.security.web.session.SessionManagementFilter@4c5b1197, org.springframework.security.web.access.ExceptionTranslationFilter@72e1961e, org.springframework.security.web.access.intercept.AuthorizationFilter@75919f36]
2024-08-07 12:55:42.772 DEBUG 21740 --- [iltuoProject] [restartedMain] o.m.s.b.a.MybatisAutoConfiguration       : Not found configuration for registering mapper bean using @MapperScan, MapperFactoryBean and MapperScannerConfigurer.
2024-08-07 12:55:42.786  INFO 21740 --- [iltuoProject] [restartedMain] o.s.b.d.a.OptionalLiveReloadServer       : LiveReload server is running on port 35729
2024-08-07 12:55:42.794  INFO 21740 --- [iltuoProject] [restartedMain] o.s.b.w.embedded.tomcat.TomcatWebServer  : Tomcat started on port 8080 (http) with context path ''
2024-08-07 12:55:42.798  INFO 21740 --- [iltuoProject] [restartedMain] kr.co.iltuo.IltuoProjectApplication      : Started IltuoProjectApplication in 0.403 seconds (process running for 3361.005)
2024-08-07 12:55:42.799  INFO 21740 --- [iltuoProject] [restartedMain] com.zaxxer.hikari.HikariDataSource       : HikariPool-6 - Starting...
2024-08-07 12:55:42.919  INFO 21740 --- [iltuoProject] [restartedMain] com.zaxxer.hikari.pool.HikariPool        : HikariPool-6 - Added connection com.mysql.cj.jdbc.ConnectionImpl@433038b8
2024-08-07 12:55:42.919  INFO 21740 --- [iltuoProject] [restartedMain] com.zaxxer.hikari.HikariDataSource       : HikariPool-6 - Start completed.
2024-08-07 12:55:42.926  INFO 21740 --- [iltuoProject] [restartedMain] .ConditionEvaluationDeltaLoggingListener : Condition evaluation unchanged
2024-08-07 12:56:44.908  INFO 21740 --- [iltuoProject] [File Watcher] rtingClassPathChangeChangedEventListener : Restarting due to 1 class path change (0 additions, 0 deletions, 1 modification)
2024-08-07 12:56:44.962  INFO 21740 --- [iltuoProject] [Thread-23] com.zaxxer.hikari.HikariDataSource       : HikariPool-6 - Shutdown initiated...
2024-08-07 12:56:44.963  INFO 21740 --- [iltuoProject] [Thread-23] com.zaxxer.hikari.HikariDataSource       : HikariPool-6 - Shutdown completed.
2024-08-07 12:56:45.013  INFO 21740 --- [iltuoProject] [restartedMain] kr.co.iltuo.IltuoProjectApplication      : Starting IltuoProjectApplication using Java 17.0.10 with PID 21740 (C:\Users\402-23\Documents\workspace_Iltuo\iltuoProject\bin\main started by 402-23 in C:\Users\402-23\Documents\workspace_Iltuo\iltuoProject)
2024-08-07 12:56:45.013  INFO 21740 --- [iltuoProject] [restartedMain] kr.co.iltuo.IltuoProjectApplication      : No active profile set, falling back to 1 default profile: "default"
2024-08-07 12:56:45.164 DEBUG 21740 --- [iltuoProject] [restartedMain] o.m.s.b.a.MybatisAutoConfiguration       : Searching for mappers annotated with @Mapper
2024-08-07 12:56:45.164 DEBUG 21740 --- [iltuoProject] [restartedMain] o.m.s.b.a.MybatisAutoConfiguration       : Using auto-configuration base package 'kr.co.iltuo'
2024-08-07 12:56:45.196 DEBUG 21740 --- [iltuoProject] [restartedMain] o.m.s.mapper.ClassPathMapperScanner      : Identified candidate component class: file [C:\Users\402-23\Documents\workspace_Iltuo\iltuoProject\bin\main\kr\co\iltuo\mapper\AdminMapper.class]
2024-08-07 12:56:45.197 DEBUG 21740 --- [iltuoProject] [restartedMain] o.m.s.mapper.ClassPathMapperScanner      : Identified candidate component class: file [C:\Users\402-23\Documents\workspace_Iltuo\iltuoProject\bin\main\kr\co\iltuo\mapper\OrderMapper.class]
2024-08-07 12:56:45.197 DEBUG 21740 --- [iltuoProject] [restartedMain] o.m.s.mapper.ClassPathMapperScanner      : Identified candidate component class: file [C:\Users\402-23\Documents\workspace_Iltuo\iltuoProject\bin\main\kr\co\iltuo\mapper\ShopMapper.class]
2024-08-07 12:56:45.197 DEBUG 21740 --- [iltuoProject] [restartedMain] o.m.s.mapper.ClassPathMapperScanner      : Identified candidate component class: file [C:\Users\402-23\Documents\workspace_Iltuo\iltuoProject\bin\main\kr\co\iltuo\mapper\UserMapper.class]
2024-08-07 12:56:45.197 DEBUG 21740 --- [iltuoProject] [restartedMain] o.m.s.mapper.ClassPathMapperScanner      : Creating MapperFactoryBean with name 'adminMapper' and 'kr.co.iltuo.mapper.AdminMapper' mapperInterface
2024-08-07 12:56:45.198 DEBUG 21740 --- [iltuoProject] [restartedMain] o.m.s.mapper.ClassPathMapperScanner      : Creating MapperFactoryBean with name 'orderMapper' and 'kr.co.iltuo.mapper.OrderMapper' mapperInterface
2024-08-07 12:56:45.198 DEBUG 21740 --- [iltuoProject] [restartedMain] o.m.s.mapper.ClassPathMapperScanner      : Creating MapperFactoryBean with name 'shopMapper' and 'kr.co.iltuo.mapper.ShopMapper' mapperInterface
2024-08-07 12:56:45.198 DEBUG 21740 --- [iltuoProject] [restartedMain] o.m.s.mapper.ClassPathMapperScanner      : Creating MapperFactoryBean with name 'userMapper' and 'kr.co.iltuo.mapper.UserMapper' mapperInterface
2024-08-07 12:56:45.230  INFO 21740 --- [iltuoProject] [restartedMain] o.s.b.w.embedded.tomcat.TomcatWebServer  : Tomcat initialized with port 8080 (http)
2024-08-07 12:56:45.231  INFO 21740 --- [iltuoProject] [restartedMain] o.apache.catalina.core.StandardService   : Starting service [Tomcat]
2024-08-07 12:56:45.231  INFO 21740 --- [iltuoProject] [restartedMain] o.apache.catalina.core.StandardEngine    : Starting Servlet engine: [Apache Tomcat/10.1.26]
2024-08-07 12:56:45.242  INFO 21740 --- [iltuoProject] [restartedMain] o.a.c.c.C.[Tomcat].[localhost].[/]       : Initializing Spring embedded WebApplicationContext
2024-08-07 12:56:45.242  INFO 21740 --- [iltuoProject] [restartedMain] w.s.c.ServletWebServerApplicationContext : Root WebApplicationContext: initialization completed in 227 ms
2024-08-07 12:56:45.281 DEBUG 21740 --- [iltuoProject] [restartedMain] o.mybatis.spring.SqlSessionFactoryBean   : Parsed mapper file: 'file [C:\Users\402-23\Documents\workspace_Iltuo\iltuoProject\bin\main\mappers\AdminMapper.xml]'
2024-08-07 12:56:45.285 DEBUG 21740 --- [iltuoProject] [restartedMain] o.mybatis.spring.SqlSessionFactoryBean   : Parsed mapper file: 'file [C:\Users\402-23\Documents\workspace_Iltuo\iltuoProject\bin\main\mappers\OrderMapper.xml]'
2024-08-07 12:56:45.289 DEBUG 21740 --- [iltuoProject] [restartedMain] o.mybatis.spring.SqlSessionFactoryBean   : Parsed mapper file: 'file [C:\Users\402-23\Documents\workspace_Iltuo\iltuoProject\bin\main\mappers\ShopMapper.xml]'
2024-08-07 12:56:45.292 DEBUG 21740 --- [iltuoProject] [restartedMain] o.mybatis.spring.SqlSessionFactoryBean   : Parsed mapper file: 'file [C:\Users\402-23\Documents\workspace_Iltuo\iltuoProject\bin\main\mappers\UserMapper.xml]'
2024-08-07 12:56:45.329  INFO 21740 --- [iltuoProject] [restartedMain] o.s.b.a.w.s.WelcomePageHandlerMapping    : Adding welcome page template: index
2024-08-07 12:56:45.362  INFO 21740 --- [iltuoProject] [restartedMain] o.s.s.web.DefaultSecurityFilterChain     : Will secure any request with [org.springframework.security.web.session.DisableEncodeUrlFilter@321468a6, org.springframework.security.web.context.request.async.WebAsyncManagerIntegrationFilter@603e5595, org.springframework.security.web.context.SecurityContextHolderFilter@6f00470d, org.springframework.security.web.header.HeaderWriterFilter@7a554f35, org.springframework.web.filter.CorsFilter@29fa1b8d, org.springframework.security.web.authentication.logout.LogoutFilter@274bcb0d, org.springframework.security.web.authentication.UsernamePasswordAuthenticationFilter@4b7ec167, org.springframework.security.web.session.ConcurrentSessionFilter@29872861, org.springframework.security.web.savedrequest.RequestCacheAwareFilter@3f7c813f, org.springframework.security.web.servletapi.SecurityContextHolderAwareRequestFilter@5a4a2a64, org.springframework.security.web.authentication.AnonymousAuthenticationFilter@14b2822c, org.springframework.security.web.session.SessionManagementFilter@ced27cb, org.springframework.security.web.access.ExceptionTranslationFilter@165a0367, org.springframework.security.web.access.intercept.AuthorizationFilter@7777cf50]
2024-08-07 12:56:45.381 DEBUG 21740 --- [iltuoProject] [restartedMain] o.m.s.b.a.MybatisAutoConfiguration       : Not found configuration for registering mapper bean using @MapperScan, MapperFactoryBean and MapperScannerConfigurer.
2024-08-07 12:56:45.393  INFO 21740 --- [iltuoProject] [restartedMain] o.s.b.d.a.OptionalLiveReloadServer       : LiveReload server is running on port 35729
2024-08-07 12:56:45.401  INFO 21740 --- [iltuoProject] [restartedMain] o.s.b.w.embedded.tomcat.TomcatWebServer  : Tomcat started on port 8080 (http) with context path ''
2024-08-07 12:56:45.405  INFO 21740 --- [iltuoProject] [restartedMain] kr.co.iltuo.IltuoProjectApplication      : Started IltuoProjectApplication in 0.411 seconds (process running for 3423.612)
2024-08-07 12:56:45.406  INFO 21740 --- [iltuoProject] [restartedMain] com.zaxxer.hikari.HikariDataSource       : HikariPool-7 - Starting...
2024-08-07 12:56:45.483  INFO 21740 --- [iltuoProject] [restartedMain] com.zaxxer.hikari.pool.HikariPool        : HikariPool-7 - Added connection com.mysql.cj.jdbc.ConnectionImpl@314e98aa
2024-08-07 12:56:45.484  INFO 21740 --- [iltuoProject] [restartedMain] com.zaxxer.hikari.HikariDataSource       : HikariPool-7 - Start completed.
2024-08-07 12:56:45.493  INFO 21740 --- [iltuoProject] [restartedMain] .ConditionEvaluationDeltaLoggingListener : Condition evaluation unchanged
2024-08-07 12:57:21.398  INFO 21740 --- [iltuoProject] [File Watcher] rtingClassPathChangeChangedEventListener : Restarting due to 1 class path change (0 additions, 0 deletions, 1 modification)
2024-08-07 12:57:21.450  INFO 21740 --- [iltuoProject] [Thread-27] com.zaxxer.hikari.HikariDataSource       : HikariPool-7 - Shutdown initiated...
2024-08-07 12:57:21.451  INFO 21740 --- [iltuoProject] [Thread-27] com.zaxxer.hikari.HikariDataSource       : HikariPool-7 - Shutdown completed.
2024-08-07 12:57:21.498  INFO 21740 --- [iltuoProject] [restartedMain] kr.co.iltuo.IltuoProjectApplication      : Starting IltuoProjectApplication using Java 17.0.10 with PID 21740 (C:\Users\402-23\Documents\workspace_Iltuo\iltuoProject\bin\main started by 402-23 in C:\Users\402-23\Documents\workspace_Iltuo\iltuoProject)
2024-08-07 12:57:21.498  INFO 21740 --- [iltuoProject] [restartedMain] kr.co.iltuo.IltuoProjectApplication      : No active profile set, falling back to 1 default profile: "default"
2024-08-07 12:57:21.653 DEBUG 21740 --- [iltuoProject] [restartedMain] o.m.s.b.a.MybatisAutoConfiguration       : Searching for mappers annotated with @Mapper
2024-08-07 12:57:21.654 DEBUG 21740 --- [iltuoProject] [restartedMain] o.m.s.b.a.MybatisAutoConfiguration       : Using auto-configuration base package 'kr.co.iltuo'
2024-08-07 12:57:21.686 DEBUG 21740 --- [iltuoProject] [restartedMain] o.m.s.mapper.ClassPathMapperScanner      : Identified candidate component class: file [C:\Users\402-23\Documents\workspace_Iltuo\iltuoProject\bin\main\kr\co\iltuo\mapper\AdminMapper.class]
2024-08-07 12:57:21.686 DEBUG 21740 --- [iltuoProject] [restartedMain] o.m.s.mapper.ClassPathMapperScanner      : Identified candidate component class: file [C:\Users\402-23\Documents\workspace_Iltuo\iltuoProject\bin\main\kr\co\iltuo\mapper\OrderMapper.class]
2024-08-07 12:57:21.686 DEBUG 21740 --- [iltuoProject] [restartedMain] o.m.s.mapper.ClassPathMapperScanner      : Identified candidate component class: file [C:\Users\402-23\Documents\workspace_Iltuo\iltuoProject\bin\main\kr\co\iltuo\mapper\ShopMapper.class]
2024-08-07 12:57:21.686 DEBUG 21740 --- [iltuoProject] [restartedMain] o.m.s.mapper.ClassPathMapperScanner      : Identified candidate component class: file [C:\Users\402-23\Documents\workspace_Iltuo\iltuoProject\bin\main\kr\co\iltuo\mapper\UserMapper.class]
2024-08-07 12:57:21.687 DEBUG 21740 --- [iltuoProject] [restartedMain] o.m.s.mapper.ClassPathMapperScanner      : Creating MapperFactoryBean with name 'adminMapper' and 'kr.co.iltuo.mapper.AdminMapper' mapperInterface
2024-08-07 12:57:21.687 DEBUG 21740 --- [iltuoProject] [restartedMain] o.m.s.mapper.ClassPathMapperScanner      : Creating MapperFactoryBean with name 'orderMapper' and 'kr.co.iltuo.mapper.OrderMapper' mapperInterface
2024-08-07 12:57:21.687 DEBUG 21740 --- [iltuoProject] [restartedMain] o.m.s.mapper.ClassPathMapperScanner      : Creating MapperFactoryBean with name 'shopMapper' and 'kr.co.iltuo.mapper.ShopMapper' mapperInterface
2024-08-07 12:57:21.687 DEBUG 21740 --- [iltuoProject] [restartedMain] o.m.s.mapper.ClassPathMapperScanner      : Creating MapperFactoryBean with name 'userMapper' and 'kr.co.iltuo.mapper.UserMapper' mapperInterface
2024-08-07 12:57:21.719  INFO 21740 --- [iltuoProject] [restartedMain] o.s.b.w.embedded.tomcat.TomcatWebServer  : Tomcat initialized with port 8080 (http)
2024-08-07 12:57:21.720  INFO 21740 --- [iltuoProject] [restartedMain] o.apache.catalina.core.StandardService   : Starting service [Tomcat]
2024-08-07 12:57:21.720  INFO 21740 --- [iltuoProject] [restartedMain] o.apache.catalina.core.StandardEngine    : Starting Servlet engine: [Apache Tomcat/10.1.26]
2024-08-07 12:57:21.730  INFO 21740 --- [iltuoProject] [restartedMain] o.a.c.c.C.[Tomcat].[localhost].[/]       : Initializing Spring embedded WebApplicationContext
2024-08-07 12:57:21.730  INFO 21740 --- [iltuoProject] [restartedMain] w.s.c.ServletWebServerApplicationContext : Root WebApplicationContext: initialization completed in 230 ms
2024-08-07 12:57:21.766 DEBUG 21740 --- [iltuoProject] [restartedMain] o.mybatis.spring.SqlSessionFactoryBean   : Parsed mapper file: 'file [C:\Users\402-23\Documents\workspace_Iltuo\iltuoProject\bin\main\mappers\AdminMapper.xml]'
2024-08-07 12:57:21.771 DEBUG 21740 --- [iltuoProject] [restartedMain] o.mybatis.spring.SqlSessionFactoryBean   : Parsed mapper file: 'file [C:\Users\402-23\Documents\workspace_Iltuo\iltuoProject\bin\main\mappers\OrderMapper.xml]'
2024-08-07 12:57:21.774 DEBUG 21740 --- [iltuoProject] [restartedMain] o.mybatis.spring.SqlSessionFactoryBean   : Parsed mapper file: 'file [C:\Users\402-23\Documents\workspace_Iltuo\iltuoProject\bin\main\mappers\ShopMapper.xml]'
2024-08-07 12:57:21.777 DEBUG 21740 --- [iltuoProject] [restartedMain] o.mybatis.spring.SqlSessionFactoryBean   : Parsed mapper file: 'file [C:\Users\402-23\Documents\workspace_Iltuo\iltuoProject\bin\main\mappers\UserMapper.xml]'
2024-08-07 12:57:21.813  INFO 21740 --- [iltuoProject] [restartedMain] o.s.b.a.w.s.WelcomePageHandlerMapping    : Adding welcome page template: index
2024-08-07 12:57:21.846  INFO 21740 --- [iltuoProject] [restartedMain] o.s.s.web.DefaultSecurityFilterChain     : Will secure any request with [org.springframework.security.web.session.DisableEncodeUrlFilter@2e2e218b, org.springframework.security.web.context.request.async.WebAsyncManagerIntegrationFilter@4d7640a4, org.springframework.security.web.context.SecurityContextHolderFilter@2bbf84fb, org.springframework.security.web.header.HeaderWriterFilter@76caf99e, org.springframework.web.filter.CorsFilter@4bb999a7, org.springframework.security.web.authentication.logout.LogoutFilter@3aa44e2c, org.springframework.security.web.authentication.UsernamePasswordAuthenticationFilter@36e3cc55, org.springframework.security.web.session.ConcurrentSessionFilter@1169c4a5, org.springframework.security.web.savedrequest.RequestCacheAwareFilter@a189e1b, org.springframework.security.web.servletapi.SecurityContextHolderAwareRequestFilter@32f83130, org.springframework.security.web.authentication.AnonymousAuthenticationFilter@639065e1, org.springframework.security.web.session.SessionManagementFilter@586c069e, org.springframework.security.web.access.ExceptionTranslationFilter@6c5ad6cd, org.springframework.security.web.access.intercept.AuthorizationFilter@7803934]
2024-08-07 12:57:21.864 DEBUG 21740 --- [iltuoProject] [restartedMain] o.m.s.b.a.MybatisAutoConfiguration       : Not found configuration for registering mapper bean using @MapperScan, MapperFactoryBean and MapperScannerConfigurer.
2024-08-07 12:57:21.877  INFO 21740 --- [iltuoProject] [restartedMain] o.s.b.d.a.OptionalLiveReloadServer       : LiveReload server is running on port 35729
2024-08-07 12:57:21.884  INFO 21740 --- [iltuoProject] [restartedMain] o.s.b.w.embedded.tomcat.TomcatWebServer  : Tomcat started on port 8080 (http) with context path ''
2024-08-07 12:57:21.888  INFO 21740 --- [iltuoProject] [restartedMain] kr.co.iltuo.IltuoProjectApplication      : Started IltuoProjectApplication in 0.407 seconds (process running for 3460.095)
2024-08-07 12:57:21.889  INFO 21740 --- [iltuoProject] [restartedMain] com.zaxxer.hikari.HikariDataSource       : HikariPool-8 - Starting...
2024-08-07 12:57:21.970  INFO 21740 --- [iltuoProject] [restartedMain] com.zaxxer.hikari.pool.HikariPool        : HikariPool-8 - Added connection com.mysql.cj.jdbc.ConnectionImpl@19159463
2024-08-07 12:57:21.971  INFO 21740 --- [iltuoProject] [restartedMain] com.zaxxer.hikari.HikariDataSource       : HikariPool-8 - Start completed.
2024-08-07 12:57:21.984  INFO 21740 --- [iltuoProject] [restartedMain] .ConditionEvaluationDeltaLoggingListener : Condition evaluation unchanged
2024-08-07 14:26:15.777  INFO 21740 --- [iltuoProject] [RMI TCP Connection(192)-127.0.0.1] inMXBeanRegistrar$SpringApplicationAdmin : Application shutdown requested.
2024-08-07 14:26:15.832  INFO 21740 --- [iltuoProject] [RMI TCP Connection(192)-127.0.0.1] com.zaxxer.hikari.HikariDataSource       : HikariPool-8 - Shutdown initiated...
2024-08-07 14:26:15.833  INFO 21740 --- [iltuoProject] [RMI TCP Connection(192)-127.0.0.1] com.zaxxer.hikari.HikariDataSource       : HikariPool-8 - Shutdown completed.
